pre-order:   OK
post-order:  OK
in-order:    OK
level-order: OK

graph NodeBT {
  node [shape=circle]
  X -- Y
  Y -- Z
  Z -- A
  Z -- W
  W -- B
  W -- C
  Y -- D
  X -- E
}

N Pa iR iI iE dg dp hg sz fC fL
X  *  1  0  0  2  0  4  9  1  0
Y  X  0  1  0  2  1  3  7  1  0
E  X  0  0  1  0  1  0  1  0  0
Z  Y  0  1  0  2  2  2  5  1  0
D  Y  0  0  1  0  2  0  1  0  0
A  Z  0  0  1  0  3  0  1  0  0
W  Z  0  1  0  2  3  1  3  1  0
B  W  0  0  1  0  4  0  1  0  0
C  W  0  0  1  0  4  0  1  1  0
*  *  *  *  *  *  *  *  *  *  *

graph NodeBT {
  node [shape=circle]
  X -- Y
  Y -- Z
  Z -- A
  Y -- D
  X -- E
}

N Pa iR iI iE dg dp hg sz fC fL
X  *  1  0  0  2  0  3  6  0  0
Y  X  0  1  0  2  1  2  4  0  0
E  X  0  0  1  0  1  0  1  0  0
Z  Y  0  1  0  1  2  1  2  0  0
D  Y  0  0  1  0  2  0  1  0  0
A  Z  0  0  1  0  3  0  1  0  0
W  *  *  *  *  *  *  *  *  *  *
B  *  *  *  *  *  *  *  *  *  *
C  *  *  *  *  *  *  *  *  *  *
*  *  *  *  *  *  *  *  *  *  *

graph NodeBT {
  node [shape=circle]
  X -- E
}

N Pa iR iI iE dg dp hg sz fC fL
X  *  1  0  0  1  0  1  2  0  0
Y  *  *  *  *  *  *  *  *  *  *
E  X  0  0  1  0  1  0  1  0  0
Z  *  *  *  *  *  *  *  *  *  *
D  *  *  *  *  *  *  *  *  *  *
A  *  *  *  *  *  *  *  *  *  *
W  *  *  *  *  *  *  *  *  *  *
B  *  *  *  *  *  *  *  *  *  *
C  *  *  *  *  *  *  *  *  *  *
*  *  *  *  *  *  *  *  *  *  *
