graph NodeCharTree {
  node [shape=circle]
  A -- B
  B -- D
  D -- I
  D -- J
  B -- E
  B -- F
  A -- C
  C -- G
  C -- H
  H -- K
}

N Pa iR iI iE dg dp sz fJ fL
A  *  1  0  0  2  0 11  1  0
B  A  0  1  0  3  1  6  1  0
C  A  0  1  0  2  1  4  0  0
D  B  0  1  0  2  2  3  1  0
E  B  0  0  1  0  2  1  0  0
F  B  0  0  1  0  2  1  0  0
G  C  0  0  1  0  2  1  0  0
H  C  0  1  0  1  2  2  0  0
I  D  0  0  1  0  3  1  0  0
J  D  0  0  1  0  3  1  1  0
K  H  0  0  1  0  3  1  0  0
L  *  *  *  *  *  *  *  *  *
graph NodeCharTree {
  node [shape=circle]
  A -- B
  B -- E
  B -- F
  A -- C
  C -- G
  C -- H
  H -- K
}

N Pa iR iI iE dg dp sz fJ fL
A  *  1  0  0  2  0  8  0  0
B  A  0  1  0  2  1  3  0  0
C  A  0  1  0  2  1  4  0  0
D  *  *  *  *  *  *  *  *  *
E  B  0  0  1  0  2  1  0  0
F  B  0  0  1  0  2  1  0  0
G  C  0  0  1  0  2  1  0  0
H  C  0  1  0  1  2  2  0  0
I  *  *  *  *  *  *  *  *  *
J  *  *  *  *  *  *  *  *  *
K  H  0  0  1  0  3  1  0  0
L  *  *  *  *  *  *  *  *  *
graph NodeCharTree {
  node [shape=circle]
  A -- C
  C -- G
  C -- H
  H -- K
}

N Pa iR iI iE dg dp sz fJ fL
A  *  1  0  0  1  0  5  0  0
B  *  *  *  *  *  *  *  *  *
C  A  0  1  0  2  1  4  0  0
D  *  *  *  *  *  *  *  *  *
E  *  *  *  *  *  *  *  *  *
F  *  *  *  *  *  *  *  *  *
G  C  0  0  1  0  2  1  0  0
H  C  0  1  0  1  2  2  0  0
I  *  *  *  *  *  *  *  *  *
J  *  *  *  *  *  *  *  *  *
K  H  0  0  1  0  3  1  0  0
L  *  *  *  *  *  *  *  *  *
